<?xml version="1.0" encoding="UTF-8"?>
<testng-results ignored="0" total="1" passed="1" failed="0" skipped="0">
  <reporter-output>
  </reporter-output>
  <suite started-at="2023-12-15T19:35:57 IST" name="Default suite" finished-at="2023-12-15T19:36:20 IST" duration-ms="23340">
    <groups>
    </groups>
    <test started-at="2023-12-15T19:35:57 IST" name="Default test" finished-at="2023-12-15T19:36:20 IST" duration-ms="23340">
      <class name="practice1.loginPageTest">
        <test-method signature="LoginTest()[pri:0, instance:practice1.loginPageTest@477b4cdf]" started-at="2023-12-15T19:35:57 IST" name="LoginTest" finished-at="2023-12-15T19:36:20 IST" duration-ms="23185" status="PASS">
          <reporter-output>
          </reporter-output>
        </test-method> <!-- LoginTest -->
      </class> <!-- practice1.loginPageTest -->
    </test> <!-- Default test -->
  </suite> <!-- Default suite -->
</testng-results>
